<?xml version="1.0" encoding="UTF-8"?>
<!-- Generated by org.testng.reporters.JUnitReportReporter -->
<testsuite hostname="DESKTOP-25552JB" failures="0" tests="1" name="testRunner.TestRunner" time="126.765" errors="0" timestamp="2024-10-23T03:28:48 IST" skipped="0">
  <testcase classname="testRunner.TestRunner" name="runScenario" time="126.765"/>
</testsuite> <!-- testRunner.TestRunner -->
